2020-11-10 23:48:53,627 INFO: Flaskr startup [in /home/luigi/Roba di luigi/Programmazione/python/flask-blog/flaskr/__init__.py:68]
2020-11-10 23:49:38,422 ERROR: Exception on /edit_profile/Luigi [POST] [in /home/luigi/.local/lib/python3.8/site-packages/flask/app.py:1891]
Traceback (most recent call last):
  File "/home/luigi/.venvs/flask-blog/lib/python3.8/site-packages/sqlalchemy/engine/base.py", line 1276, in _execute_context
    self.dialect.do_execute(
  File "/home/luigi/.venvs/flask-blog/lib/python3.8/site-packages/sqlalchemy/engine/default.py", line 593, in do_execute
    cursor.execute(statement, parameters)
sqlite3.IntegrityError: UNIQUE constraint failed: user.username

The above exception was the direct cause of the following exception:

Traceback (most recent call last):
  File "/home/luigi/.local/lib/python3.8/site-packages/flask/app.py", line 2447, in wsgi_app
    response = self.full_dispatch_request()
  File "/home/luigi/.local/lib/python3.8/site-packages/flask/app.py", line 1952, in full_dispatch_request
    rv = self.handle_user_exception(e)
  File "/home/luigi/.local/lib/python3.8/site-packages/flask/app.py", line 1821, in handle_user_exception
    reraise(exc_type, exc_value, tb)
  File "/home/luigi/.local/lib/python3.8/site-packages/flask/_compat.py", line 39, in reraise
    raise value
  File "/home/luigi/.local/lib/python3.8/site-packages/flask/app.py", line 1950, in full_dispatch_request
    rv = self.dispatch_request()
  File "/home/luigi/.local/lib/python3.8/site-packages/flask/app.py", line 1936, in dispatch_request
    return self.view_functions[rule.endpoint](**req.view_args)
  File "/home/luigi/.venvs/flask-blog/lib/python3.8/site-packages/flask_login/utils.py", line 272, in decorated_view
    return func(*args, **kwargs)
  File "/home/luigi/Roba di luigi/Programmazione/python/flask-blog/flaskr/blog.py", line 42, in edit_profile
    db.session.commit()
  File "/home/luigi/.venvs/flask-blog/lib/python3.8/site-packages/sqlalchemy/orm/scoping.py", line 163, in do
    return getattr(self.registry(), name)(*args, **kwargs)
  File "/home/luigi/.venvs/flask-blog/lib/python3.8/site-packages/sqlalchemy/orm/session.py", line 1042, in commit
    self.transaction.commit()
  File "/home/luigi/.venvs/flask-blog/lib/python3.8/site-packages/sqlalchemy/orm/session.py", line 504, in commit
    self._prepare_impl()
  File "/home/luigi/.venvs/flask-blog/lib/python3.8/site-packages/sqlalchemy/orm/session.py", line 483, in _prepare_impl
    self.session.flush()
  File "/home/luigi/.venvs/flask-blog/lib/python3.8/site-packages/sqlalchemy/orm/session.py", line 2536, in flush
    self._flush(objects)
  File "/home/luigi/.venvs/flask-blog/lib/python3.8/site-packages/sqlalchemy/orm/session.py", line 2678, in _flush
    transaction.rollback(_capture_exception=True)
  File "/home/luigi/.venvs/flask-blog/lib/python3.8/site-packages/sqlalchemy/util/langhelpers.py", line 68, in __exit__
    compat.raise_(
  File "/home/luigi/.venvs/flask-blog/lib/python3.8/site-packages/sqlalchemy/util/compat.py", line 182, in raise_
    raise exception
  File "/home/luigi/.venvs/flask-blog/lib/python3.8/site-packages/sqlalchemy/orm/session.py", line 2638, in _flush
    flush_context.execute()
  File "/home/luigi/.venvs/flask-blog/lib/python3.8/site-packages/sqlalchemy/orm/unitofwork.py", line 422, in execute
    rec.execute(self)
  File "/home/luigi/.venvs/flask-blog/lib/python3.8/site-packages/sqlalchemy/orm/unitofwork.py", line 586, in execute
    persistence.save_obj(
  File "/home/luigi/.venvs/flask-blog/lib/python3.8/site-packages/sqlalchemy/orm/persistence.py", line 230, in save_obj
    _emit_update_statements(
  File "/home/luigi/.venvs/flask-blog/lib/python3.8/site-packages/sqlalchemy/orm/persistence.py", line 994, in _emit_update_statements
    c = cached_connections[connection].execute(
  File "/home/luigi/.venvs/flask-blog/lib/python3.8/site-packages/sqlalchemy/engine/base.py", line 1011, in execute
    return meth(self, multiparams, params)
  File "/home/luigi/.venvs/flask-blog/lib/python3.8/site-packages/sqlalchemy/sql/elements.py", line 298, in _execute_on_connection
    return connection._execute_clauseelement(self, multiparams, params)
  File "/home/luigi/.venvs/flask-blog/lib/python3.8/site-packages/sqlalchemy/engine/base.py", line 1124, in _execute_clauseelement
    ret = self._execute_context(
  File "/home/luigi/.venvs/flask-blog/lib/python3.8/site-packages/sqlalchemy/engine/base.py", line 1316, in _execute_context
    self._handle_dbapi_exception(
  File "/home/luigi/.venvs/flask-blog/lib/python3.8/site-packages/sqlalchemy/engine/base.py", line 1510, in _handle_dbapi_exception
    util.raise_(
  File "/home/luigi/.venvs/flask-blog/lib/python3.8/site-packages/sqlalchemy/util/compat.py", line 182, in raise_
    raise exception
  File "/home/luigi/.venvs/flask-blog/lib/python3.8/site-packages/sqlalchemy/engine/base.py", line 1276, in _execute_context
    self.dialect.do_execute(
  File "/home/luigi/.venvs/flask-blog/lib/python3.8/site-packages/sqlalchemy/engine/default.py", line 593, in do_execute
    cursor.execute(statement, parameters)
sqlalchemy.exc.IntegrityError: (sqlite3.IntegrityError) UNIQUE constraint failed: user.username
[SQL: UPDATE user SET username=? WHERE user.id = ?]
[parameters: ('LuigiTest2', 2)]
(Background on this error at: http://sqlalche.me/e/13/gkpj)
2020-11-10 23:57:24,624 INFO: Flaskr startup [in /home/luigi/Roba di luigi/Programmazione/python/flask-blog/flaskr/__init__.py:68]
2020-11-11 00:04:06,607 INFO: Flaskr startup [in /home/luigi/Roba di luigi/Programmazione/python/flask-blog/flaskr/__init__.py:68]
2020-11-11 00:04:39,212 INFO: Flaskr startup [in /home/luigi/Roba di luigi/Programmazione/python/flask-blog/flaskr/__init__.py:68]
2020-11-11 00:04:49,680 INFO: Flaskr startup [in /home/luigi/Roba di luigi/Programmazione/python/flask-blog/flaskr/__init__.py:68]
